<?xml version="1.0" encoding="UTF-8"?>
<testng-results ignored="0" total="2" passed="2" failed="0" skipped="0">
  <reporter-output>
  </reporter-output>
  <suite started-at="2025-02-02T16:09:21 IST" name="Suite" finished-at="2025-02-02T16:09:32 IST" duration-ms="10666">
    <groups>
    </groups>
    <test started-at="2025-02-02T16:09:21 IST" name="Test" finished-at="2025-02-02T16:09:32 IST" duration-ms="10666">
      <class name="testngBasic.ButtonPage">
        <test-method signature="buttonScreenshot()[pri:0, instance:testngBasic.ButtonPage@36902638]" started-at="2025-02-02T16:09:21 IST" name="buttonScreenshot" finished-at="2025-02-02T16:09:28 IST" duration-ms="7191" status="PASS">
          <reporter-output>
          </reporter-output>
        </test-method> <!-- buttonScreenshot -->
      </class> <!-- testngBasic.ButtonPage -->
      <class name="testngBasic.Window">
        <test-method signature="windowHandling()[pri:0, instance:testngBasic.Window@478190fc]" started-at="2025-02-02T16:09:21 IST" name="windowHandling" finished-at="2025-02-02T16:09:32 IST" duration-ms="10617" status="PASS">
          <reporter-output>
          </reporter-output>
        </test-method> <!-- windowHandling -->
      </class> <!-- testngBasic.Window -->
    </test> <!-- Test -->
  </suite> <!-- Suite -->
</testng-results>
